C:\USERS\PAPER~NEWS\DESKTOP\VIDEOPLATFORM_1\DEBUG\VIDEOPLATFORMSERVER.EXE
C:\USERS\PAPER~NEWS\DESKTOP\VIDEOPLATFORM_1\DEBUG\VIDEOPLATFORMSERVER.ILK
C:\USERS\PAPER~NEWS\DESKTOP\VIDEOPLATFORM_1\DEBUG\VIDEOPLATFORMSERVER.PDB
C:\USERS\PAPER~NEWS\DESKTOP\VIDEOPLATFORM_1\VIDEOPLATFORMSERVER\DEBUG\CDADEVICEMANAGER.OBJ
C:\Users\paper~news\Desktop\VideoPlatform_1\VideoPlatformServer\Debug\cl.command.1.tlog
C:\Users\paper~news\Desktop\VideoPlatform_1\VideoPlatformServer\Debug\CL.read.1.tlog
C:\Users\paper~news\Desktop\VideoPlatform_1\VideoPlatformServer\Debug\CL.write.1.tlog
C:\USERS\PAPER~NEWS\DESKTOP\VIDEOPLATFORM_1\VIDEOPLATFORMSERVER\DEBUG\CZMQMSG.OBJ
C:\Users\paper~news\Desktop\VideoPlatform_1\VideoPlatformServer\Debug\link.command.1.tlog
C:\Users\paper~news\Desktop\VideoPlatform_1\VideoPlatformServer\Debug\link.read.1.tlog
C:\Users\paper~news\Desktop\VideoPlatform_1\VideoPlatformServer\Debug\link.write.1.tlog
C:\Users\paper~news\Desktop\VideoPlatform_1\VideoPlatformServer\Debug\mt.command.1.tlog
C:\Users\paper~news\Desktop\VideoPlatform_1\VideoPlatformServer\Debug\mt.read.1.tlog
C:\Users\paper~news\Desktop\VideoPlatform_1\VideoPlatformServer\Debug\mt.write.1.tlog
C:\Users\paper~news\Desktop\VideoPlatform_1\VideoPlatformServer\Debug\vc100.idb
C:\USERS\PAPER~NEWS\DESKTOP\VIDEOPLATFORM_1\VIDEOPLATFORMSERVER\DEBUG\VC100.PDB
C:\USERS\PAPER~NEWS\DESKTOP\VIDEOPLATFORM_1\VIDEOPLATFORMSERVER\DEBUG\VIDEOPLATFORMSERVER.EXE.INTERMEDIATE.MANIFEST
C:\Users\paper~news\Desktop\VideoPlatform_1\VideoPlatformServer\Debug\VideoPlatformServer.vcxprojResolveAssemblyReference.cache
C:\Users\paper~news\Desktop\VideoPlatform_1\VideoPlatformServer\Debug\VideoPlatformServer.write.1.tlog
C:\USERS\PAPER~NEWS\DESKTOP\VIDEOPLATFORM_1\VIDEOPLATFORMSERVER\DEBUG\VIDEOSERVERMAIN.OBJ
