C:\USERS\PAPER~NEWS\DESKTOP\VIDEOPLAFROM_GIT\VIDEOPLATFORM\VIDEOPLATFORM\DEBUG\ALARM.OBJ
C:\USERS\PAPER~NEWS\DESKTOP\VIDEOPLAFROM_GIT\VIDEOPLATFORM\VIDEOPLATFORM\DEBUG\CDASIP.OBJ
C:\Users\paper~news\Desktop\VideoPlafrom_git\VideoPlatform\VideoPlatform\Debug\cl.command.1.tlog
C:\Users\paper~news\Desktop\VideoPlafrom_git\VideoPlatform\VideoPlatform\Debug\CL.read.1.tlog
C:\Users\paper~news\Desktop\VideoPlafrom_git\VideoPlatform\VideoPlatform\Debug\CL.write.1.tlog
C:\Users\paper~news\Desktop\VideoPlafrom_git\VideoPlatform\VideoPlatform\Debug\custombuild.command.1.tlog
C:\Users\paper~news\Desktop\VideoPlafrom_git\VideoPlatform\VideoPlatform\Debug\custombuild.read.1.tlog
C:\Users\paper~news\Desktop\VideoPlafrom_git\VideoPlatform\VideoPlatform\Debug\custombuild.write.1.tlog
C:\USERS\PAPER~NEWS\DESKTOP\VIDEOPLAFROM_GIT\VIDEOPLATFORM\VIDEOPLATFORM\DEBUG\FRMCONFIG.OBJ
C:\USERS\PAPER~NEWS\DESKTOP\VIDEOPLAFROM_GIT\VIDEOPLATFORM\VIDEOPLATFORM\DEBUG\ICONHELPER.OBJ
C:\Users\paper~news\Desktop\VideoPlafrom_git\VideoPlatform\VideoPlatform\Debug\link.command.1.tlog
C:\Users\paper~news\Desktop\VideoPlafrom_git\VideoPlatform\VideoPlatform\Debug\link.read.1.tlog
C:\Users\paper~news\Desktop\VideoPlafrom_git\VideoPlatform\VideoPlatform\Debug\link.write.1.tlog
C:\USERS\PAPER~NEWS\DESKTOP\VIDEOPLAFROM_GIT\VIDEOPLATFORM\VIDEOPLATFORM\DEBUG\MAIN.OBJ
C:\USERS\PAPER~NEWS\DESKTOP\VIDEOPLAFROM_GIT\VIDEOPLATFORM\VIDEOPLATFORM\DEBUG\MOC_ALARM.OBJ
C:\USERS\PAPER~NEWS\DESKTOP\VIDEOPLAFROM_GIT\VIDEOPLATFORM\VIDEOPLATFORM\DEBUG\MOC_FRMCONFIG.OBJ
C:\USERS\PAPER~NEWS\DESKTOP\VIDEOPLAFROM_GIT\VIDEOPLATFORM\VIDEOPLATFORM\DEBUG\MOC_SIPTHREAD.OBJ
C:\USERS\PAPER~NEWS\DESKTOP\VIDEOPLAFROM_GIT\VIDEOPLATFORM\VIDEOPLATFORM\DEBUG\MOC_SWITCHBUTTON.OBJ
C:\USERS\PAPER~NEWS\DESKTOP\VIDEOPLAFROM_GIT\VIDEOPLATFORM\VIDEOPLATFORM\DEBUG\MOC_USERTREEWIDGET.OBJ
C:\USERS\PAPER~NEWS\DESKTOP\VIDEOPLAFROM_GIT\VIDEOPLATFORM\VIDEOPLATFORM\DEBUG\MOC_VIDEOPLATFORM.OBJ
C:\USERS\PAPER~NEWS\DESKTOP\VIDEOPLAFROM_GIT\VIDEOPLATFORM\VIDEOPLATFORM\DEBUG\MOC_XMLCONFIGOPERATOR.OBJ
C:\USERS\PAPER~NEWS\DESKTOP\VIDEOPLAFROM_GIT\VIDEOPLATFORM\VIDEOPLATFORM\DEBUG\MOC_XMLOPERATOR.OBJ
C:\Users\paper~news\Desktop\VideoPlafrom_git\VideoPlatform\VideoPlatform\Debug\mt.command.1.tlog
C:\Users\paper~news\Desktop\VideoPlafrom_git\VideoPlatform\VideoPlatform\Debug\mt.read.1.tlog
C:\Users\paper~news\Desktop\VideoPlafrom_git\VideoPlatform\VideoPlatform\Debug\mt.write.1.tlog
C:\USERS\PAPER~NEWS\DESKTOP\VIDEOPLAFROM_GIT\VIDEOPLATFORM\VIDEOPLATFORM\DEBUG\MYAPP.OBJ
C:\USERS\PAPER~NEWS\DESKTOP\VIDEOPLAFROM_GIT\VIDEOPLATFORM\VIDEOPLATFORM\DEBUG\QRC_VIDEOPLATFORM.OBJ
C:\USERS\PAPER~NEWS\DESKTOP\VIDEOPLAFROM_GIT\VIDEOPLATFORM\VIDEOPLATFORM\DEBUG\SIPTHREAD.OBJ
C:\USERS\PAPER~NEWS\DESKTOP\VIDEOPLAFROM_GIT\VIDEOPLATFORM\VIDEOPLATFORM\DEBUG\SWITCHBUTTON.OBJ
C:\USERS\PAPER~NEWS\DESKTOP\VIDEOPLAFROM_GIT\VIDEOPLATFORM\VIDEOPLATFORM\DEBUG\USERTREEWIDGET.OBJ
C:\USERS\PAPER~NEWS\DESKTOP\VIDEOPLAFROM_GIT\VIDEOPLATFORM\VIDEOPLATFORM\DEBUG\VC100.PDB
C:\USERS\PAPER~NEWS\DESKTOP\VIDEOPLAFROM_GIT\VIDEOPLATFORM\VIDEOPLATFORM\DEBUG\VIDEOPLATFORM.EXE.INTERMEDIATE.MANIFEST
C:\USERS\PAPER~NEWS\DESKTOP\VIDEOPLAFROM_GIT\VIDEOPLATFORM\VIDEOPLATFORM\DEBUG\VIDEOPLATFORM.OBJ
C:\Users\paper~news\Desktop\VideoPlafrom_git\VideoPlatform\VideoPlatform\Debug\VideoPlatform.write.1.tlog
C:\USERS\PAPER~NEWS\DESKTOP\VIDEOPLAFROM_GIT\VIDEOPLATFORM\VIDEOPLATFORM\DEBUG\XMLCONFIGOPERATOR.OBJ
C:\USERS\PAPER~NEWS\DESKTOP\VIDEOPLAFROM_GIT\VIDEOPLATFORM\VIDEOPLATFORM\DEBUG\XMLOPERATOR.OBJ
C:\USERS\PAPER~NEWS\DESKTOP\VIDEOPLAFROM_GIT\VIDEOPLATFORM\VIDEOPLATFORM\GENERATEDFILES\DEBUG\MOC_ALARM.CPP
C:\USERS\PAPER~NEWS\DESKTOP\VIDEOPLAFROM_GIT\VIDEOPLATFORM\VIDEOPLATFORM\GENERATEDFILES\DEBUG\MOC_FRMCONFIG.CPP
C:\USERS\PAPER~NEWS\DESKTOP\VIDEOPLAFROM_GIT\VIDEOPLATFORM\VIDEOPLATFORM\GENERATEDFILES\DEBUG\MOC_SIPTHREAD.CPP
C:\USERS\PAPER~NEWS\DESKTOP\VIDEOPLAFROM_GIT\VIDEOPLATFORM\VIDEOPLATFORM\GENERATEDFILES\DEBUG\MOC_SWITCHBUTTON.CPP
C:\USERS\PAPER~NEWS\DESKTOP\VIDEOPLAFROM_GIT\VIDEOPLATFORM\VIDEOPLATFORM\GENERATEDFILES\DEBUG\MOC_USERTREEWIDGET.CPP
C:\USERS\PAPER~NEWS\DESKTOP\VIDEOPLAFROM_GIT\VIDEOPLATFORM\VIDEOPLATFORM\GENERATEDFILES\DEBUG\MOC_VIDEOPLATFORM.CPP
C:\USERS\PAPER~NEWS\DESKTOP\VIDEOPLAFROM_GIT\VIDEOPLATFORM\VIDEOPLATFORM\GENERATEDFILES\DEBUG\MOC_XMLCONFIGOPERATOR.CPP
C:\USERS\PAPER~NEWS\DESKTOP\VIDEOPLAFROM_GIT\VIDEOPLATFORM\VIDEOPLATFORM\GENERATEDFILES\DEBUG\MOC_XMLOPERATOR.CPP
C:\USERS\PAPER~NEWS\DESKTOP\VIDEOPLAFROM_GIT\VIDEOPLATFORM\VIDEOPLATFORM\GENERATEDFILES\QRC_VIDEOPLATFORM.CPP
C:\USERS\PAPER~NEWS\DESKTOP\VIDEOPLAFROM_GIT\VIDEOPLATFORM\VIDEOPLATFORM\GENERATEDFILES\UI_ALARM.H
C:\USERS\PAPER~NEWS\DESKTOP\VIDEOPLAFROM_GIT\VIDEOPLATFORM\VIDEOPLATFORM\GENERATEDFILES\UI_FRMCONFIG.H
C:\USERS\PAPER~NEWS\DESKTOP\VIDEOPLAFROM_GIT\VIDEOPLATFORM\VIDEOPLATFORM\GENERATEDFILES\UI_VIDEOPLATFORM.H
C:\USERS\PAPER~NEWS\DESKTOP\VIDEOPLAFROM_GIT\VIDEOPLATFORM\WIN32\DEBUG\VIDEOPLATFORM.EXE
C:\USERS\PAPER~NEWS\DESKTOP\VIDEOPLAFROM_GIT\VIDEOPLATFORM\WIN32\DEBUG\VIDEOPLATFORM.ILK
C:\USERS\PAPER~NEWS\DESKTOP\VIDEOPLAFROM_GIT\VIDEOPLATFORM\WIN32\DEBUG\VIDEOPLATFORM.PDB
